<?xml version="1.0" encoding="UTF-8"?>
<!-- Generated by org.testng.reporters.JUnitReportReporter -->
<testsuite hostname="QEdge-PC" name="com.qedge.generics.WebGeneric" tests="1" failures="0" timestamp="29 Jun 2016 04:21:34 GMT" time="11.555" errors="0">
  <testcase name="loginFunctionality" time="11.555" classname="com.qedge.generics.WebGeneric"/>
</testsuite> <!-- com.qedge.generics.WebGeneric -->
