<?xml version="1.0" encoding="UTF-8"?>
<!-- Generated by org.testng.reporters.JUnitReportReporter -->
<testsuite hostname="QEdge-PC" name="com.qedge.testcases.VerifyingLoginandLogout" tests="1" failures="0" timestamp="29 Jun 2016 04:29:17 GMT" time="11.271" errors="0">
  <testcase name="loginWithValidCredentials" time="11.271" classname="com.qedge.testcases.VerifyingLoginandLogout"/>
</testsuite> <!-- com.qedge.testcases.VerifyingLoginandLogout -->
